<?xml version="1.0" encoding="UTF-8"?>
<!-- Generated by org.testng.reporters.JUnitXMLReporter -->
<testsuite ignored="0" hostname="DESKTOP-6990CHT" failures="0" tests="4" name="Default test" time="0.096" errors="0" timestamp="2022-05-04T14:52:51 BST">
  <testcase classname="testNg.Day2" name="MobileApp" time="0.009"/>
  <testcase classname="testNg.Day2" name="Selenium" time="0.002"/>
  <testcase classname="testNg.Day2" name="Java" time="0.002"/>
  <testcase classname="testNg.Day2" name="RestAPI" time="0.002"/>
</testsuite> <!-- Default test -->
