<?xml version="1.0" encoding="UTF-8"?>
<!-- Generated by org.testng.reporters.JUnitXMLReporter -->
<testsuite ignored="0" hostname="DESKTOP-6990CHT" failures="0" tests="18" name="Regression Testing" time="0.147" errors="0" timestamp="2022-05-04T14:55:42 BST">
  <testcase classname="testNg.runningTestcases" name="AfterSuite" time="0.008"/>
  <testcase classname="testNg.runningTestcases" name="String" time="0.002"/>
  <testcase classname="testNg.runningTestcases" name="demo" time="0.003"/>
  <testcase classname="testNg.runningTestcases" name="getData" time="0.002"/>
  <testcase classname="testNg.Day2" name="MobileApp" time="0.002"/>
  <testcase classname="testNg.Day2" name="Selenium" time="0.001"/>
  <testcase classname="testNg.Day2" name="Java" time="0.001"/>
  <testcase classname="testNg.Day2" name="RestAPI" time="0.002"/>
  <testcase classname="testNg.Day3" name="CarLaon" time="0.003"/>
  <testcase classname="testNg.Day3" name="Homeloan" time="0.003"/>
  <testcase classname="testNg.Day3" name="Homeloan" time="0.007"/>
  <testcase classname="testNg.Day3" name="Homeloan" time="0.003"/>
  <testcase classname="testNg.Day3" name="InsuranceLoan" time="0.002"/>
  <testcase classname="testNg.Day3" name="PersonalLoan" time="0.001"/>
  <testcase classname="testNg.Day4" name="getData1" time="0.0"/>
  <testcase classname="testNg.Day4" name="getData2" time="0.002"/>
  <testcase classname="testNg.Day4" name="getData3" time="0.001"/>
  <testcase classname="testNg.Day4" name="getData4" time="0.001"/>
</testsuite> <!-- Regression Testing -->
